c:\users\it\source\repos\arraystack\arraystack\debug\vc141.pdb
c:\users\it\source\repos\arraystack\arraystack\debug\vc141.idb
c:\users\it\source\repos\arraystack\arraystack\debug\linkedstack.obj
c:\users\it\source\repos\arraystack\arraystack\debug\array.obj
c:\users\it\source\repos\arraystack\arraystack\debug\linkedqueue.obj
c:\users\it\source\repos\arraystack\arraystack\debug\stackqueue.obj
c:\users\it\source\repos\arraystack\arraystack\debug\arraystack.obj
c:\users\it\source\repos\arraystack\arraystack\debug\source.obj
c:\users\it\source\repos\arraystack\debug\arraystack.exe
c:\users\it\source\repos\arraystack\debug\arraystack.ilk
c:\users\it\source\repos\arraystack\debug\arraystack.pdb
c:\users\it\source\repos\arraystack\arraystack\debug\arraystack.tlog\cl.command.1.tlog
c:\users\it\source\repos\arraystack\arraystack\debug\arraystack.tlog\cl.read.1.tlog
c:\users\it\source\repos\arraystack\arraystack\debug\arraystack.tlog\cl.write.1.tlog
c:\users\it\source\repos\arraystack\arraystack\debug\arraystack.tlog\link-cvtres.read.1.tlog
c:\users\it\source\repos\arraystack\arraystack\debug\arraystack.tlog\link-cvtres.write.1.tlog
c:\users\it\source\repos\arraystack\arraystack\debug\arraystack.tlog\link-rc.read.1.tlog
c:\users\it\source\repos\arraystack\arraystack\debug\arraystack.tlog\link-rc.write.1.tlog
c:\users\it\source\repos\arraystack\arraystack\debug\arraystack.tlog\link.8232-cvtres.read.1.tlog
c:\users\it\source\repos\arraystack\arraystack\debug\arraystack.tlog\link.8232-cvtres.write.1.tlog
c:\users\it\source\repos\arraystack\arraystack\debug\arraystack.tlog\link.8232-rc.read.1.tlog
c:\users\it\source\repos\arraystack\arraystack\debug\arraystack.tlog\link.8232-rc.write.1.tlog
c:\users\it\source\repos\arraystack\arraystack\debug\arraystack.tlog\link.8232.read.1.tlog
c:\users\it\source\repos\arraystack\arraystack\debug\arraystack.tlog\link.8232.write.1.tlog
c:\users\it\source\repos\arraystack\arraystack\debug\arraystack.tlog\link.command.1.tlog
c:\users\it\source\repos\arraystack\arraystack\debug\arraystack.tlog\link.read.1.tlog
c:\users\it\source\repos\arraystack\arraystack\debug\arraystack.tlog\link.write.1.tlog
